<?xml version="1.0" encoding="UTF-8"?>
<!-- Generated by org.testng.reporters.JUnitReportReporter -->
<testsuite name="com.cosmic.cubes.test.regression.LoginSC_01" tests="1" time="9.593" ignored="0" failures="0" timestamp="25 Feb 2017 09:12:01 GMT" skipped="0" hostname="MYDear-PC" errors="0">
  <testcase name="checkInvalidLoginTC_05" time="9.593" classname="com.cosmic.cubes.test.regression.LoginSC_01"/>
</testsuite> <!-- com.cosmic.cubes.test.regression.LoginSC_01 -->
